d:\university\in3026 advanced games technology\!!submit\template\template\release\vc141.pdb
d:\university\in3026 advanced games technology\!!submit\template\template\release\highresolutiontimer.obj
d:\university\in3026 advanced games technology\!!submit\template\template\release\heightmapterrain.obj
d:\university\in3026 advanced games technology\!!submit\template\template\release\gamewindow.obj
d:\university\in3026 advanced games technology\!!submit\template\template\release\game.obj
d:\university\in3026 advanced games technology\!!submit\template\template\release\forest.obj
d:\university\in3026 advanced games technology\!!submit\template\template\release\facevertexmesh.obj
d:\university\in3026 advanced games technology\!!submit\template\template\release\camera.obj
d:\university\in3026 advanced games technology\!!submit\template\template\release\imp.obj
d:\university\in3026 advanced games technology\!!submit\template\template\release\hud.obj
d:\university\in3026 advanced games technology\!!submit\template\template\release\grass.obj
d:\university\in3026 advanced games technology\!!submit\template\template\release\fireball.obj
d:\university\in3026 advanced games technology\!!submit\template\template\release\felball.obj
d:\university\in3026 advanced games technology\!!submit\template\template\release\enemy.obj
d:\university\in3026 advanced games technology\!!submit\template\template\release\crossfade.obj
d:\university\in3026 advanced games technology\!!submit\template\template\release\collisionhandler.obj
d:\university\in3026 advanced games technology\!!submit\template\template\release\boundingbox.obj
d:\university\in3026 advanced games technology\!!submit\template\template\release\boss.obj
d:\university\in3026 advanced games technology\!!submit\template\template\release\background.obj
d:\university\in3026 advanced games technology\!!submit\template\template\release\audiohandler.obj
d:\university\in3026 advanced games technology\!!submit\template\template\release\alphasphere.obj
d:\university\in3026 advanced games technology\!!submit\template\template\release\vegetation.obj
d:\university\in3026 advanced games technology\!!submit\template\template\release\vector3f.obj
d:\university\in3026 advanced games technology\!!submit\template\template\release\tree.obj
d:\university\in3026 advanced games technology\!!submit\template\template\release\texture.obj
d:\university\in3026 advanced games technology\!!submit\template\template\release\text.obj
d:\university\in3026 advanced games technology\!!submit\template\template\release\spriteexplosion.obj
d:\university\in3026 advanced games technology\!!submit\template\template\release\specialfx.obj
d:\university\in3026 advanced games technology\!!submit\template\template\release\smokeparticleemitter.obj
d:\university\in3026 advanced games technology\!!submit\template\template\release\skybox.obj
d:\university\in3026 advanced games technology\!!submit\template\template\release\random.obj
d:\university\in3026 advanced games technology\!!submit\template\template\release\player.obj
d:\university\in3026 advanced games technology\!!submit\template\template\release\openassetimportermesh.obj
d:\university\in3026 advanced games technology\!!submit\template\template\release\material.obj
d:\university\in3026 advanced games technology\!!submit\template\template\release\potion.obj
d:\university\in3026 advanced games technology\!!submit\template\template\release\pickuphandler.obj
d:\university\in3026 advanced games technology\!!submit\template\template\release\particle.obj
d:\university\in3026 advanced games technology\!!submit\template\template\release\md2animation.obj
d:\university\in3026 advanced games technology\!!submit\template\template\release\lightinghandler.obj
d:\university\in3026 advanced games technology\!!submit\template\template\release\invisibility.obj
d:\university\in3026 advanced games technology\!!submit\template\template\release\intro.obj
d:\university\in3026 advanced games technology\!!submit\template\release\template.exe
d:\university\in3026 advanced games technology\!!submit\template\release\template.pdb
d:\university\in3026 advanced games technology\!!submit\template\template\release\template.tlog\cl.command.1.tlog
d:\university\in3026 advanced games technology\!!submit\template\template\release\template.tlog\cl.read.1.tlog
d:\university\in3026 advanced games technology\!!submit\template\template\release\template.tlog\cl.write.1.tlog
d:\university\in3026 advanced games technology\!!submit\template\template\release\template.tlog\link.command.1.tlog
d:\university\in3026 advanced games technology\!!submit\template\template\release\template.tlog\link.read.1.tlog
d:\university\in3026 advanced games technology\!!submit\template\template\release\template.tlog\link.write.1.tlog
