  AlphaSphere.cpp
  AudioHandler.cpp
  Background.cpp
  Boss.cpp
  BoundingBox.cpp
  CollisionHandler.cpp
  CrossFade.cpp
  Enemy.cpp
  FelBall.cpp
  Fireball.cpp
  Grass.cpp
  HUD.cpp
  Imp.cpp
  Camera.cpp
  FaceVertexMesh.cpp
  Forest.cpp
  Game.cpp
  GameWindow.cpp
  HeightMapTerrain.cpp
  HighResolutionTimer.cpp
  Generating Code...
  Compiling...
  Intro.cpp
  Invisibility.cpp
  LightingHandler.cpp
  Md2Animation.cpp
  Particle.cpp
  PickUpHandler.cpp
  Potion.cpp
  Material.cpp
  OpenAssetImporterMesh.cpp
  Player.cpp
  Random.cpp
  SkyBox.cpp
  SmokeParticleEmitter.cpp
  SpecialFX.cpp
  SpriteExplosion.cpp
  Text.cpp
  Texture.cpp
  Tree.cpp
  Vector3f.cpp
  Vegetation.cpp
  Generating Code...
  template.vcxproj -> D:\University\IN3026 Advanced Games Technology\!!Submit\Template\Release\template.exe
